<?xml version="1.0" encoding="UTF-8"?>
<!-- Generated by org.testng.reporters.JUnitXMLReporter -->
<testsuite ignored="2" hostname="GovindLinux" failures="0" tests="2" name="Test" time="134.212" errors="0" timestamp="2022-11-30T13:56:34 EST">
  <testcase classname="com.framework.testng.api.base.ProjectSpecificMethods" name="@BeforeMethod preCondition" time="127.82">
    <failure type="java.lang.NullPointerException" message="Cannot invoke &amp;quot;org.openqa.selenium.remote.RemoteWebDriver.getScreenshotAs(org.openqa.selenium.OutputType)&amp;quot; because the return value of &amp;quot;com.framework.selenium.api.base.SeleniumBase.getDriver()&amp;quot; is null">
      <![CDATA[java.lang.NullPointerException: Cannot invoke "org.openqa.selenium.remote.RemoteWebDriver.getScreenshotAs(org.openqa.selenium.OutputType)" because the return value of "com.framework.selenium.api.base.SeleniumBase.getDriver()" is null
at com.framework.selenium.api.base.SeleniumBase.takeSnap(SeleniumBase.java:851)
at com.framework.utils.Reporter.reportStep(Reporter.java:81)
at com.framework.utils.Reporter.reportStep(Reporter.java:108)
at com.framework.selenium.api.base.SeleniumBase.startApp(SeleniumBase.java:579)
at com.framework.testng.api.base.ProjectSpecificMethods.preCondition(ProjectSpecificMethods.java:21)
at java.base/java.util.concurrent.ThreadPoolExecutor.runWorker(ThreadPoolExecutor.java:1136)
at java.base/java.util.concurrent.ThreadPoolExecutor$Worker.run(ThreadPoolExecutor.java:635)
at java.base/java.lang.Thread.run(Thread.java:833)
... Removed 16 stack frames]]>
    </failure>
  </testcase> <!-- @BeforeMethod preCondition -->
  <testcase classname="com.framework.testng.api.base.ProjectSpecificMethods" name="@BeforeMethod preCondition" time="127.82">
    <failure type="java.lang.NullPointerException" message="Cannot invoke &amp;quot;org.openqa.selenium.remote.RemoteWebDriver.getScreenshotAs(org.openqa.selenium.OutputType)&amp;quot; because the return value of &amp;quot;com.framework.selenium.api.base.SeleniumBase.getDriver()&amp;quot; is null">
      <![CDATA[java.lang.NullPointerException: Cannot invoke "org.openqa.selenium.remote.RemoteWebDriver.getScreenshotAs(org.openqa.selenium.OutputType)" because the return value of "com.framework.selenium.api.base.SeleniumBase.getDriver()" is null
at com.framework.selenium.api.base.SeleniumBase.takeSnap(SeleniumBase.java:851)
at com.framework.utils.Reporter.reportStep(Reporter.java:81)
at com.framework.utils.Reporter.reportStep(Reporter.java:108)
at com.framework.selenium.api.base.SeleniumBase.startApp(SeleniumBase.java:579)
at com.framework.testng.api.base.ProjectSpecificMethods.preCondition(ProjectSpecificMethods.java:21)
at java.base/java.util.concurrent.ThreadPoolExecutor.runWorker(ThreadPoolExecutor.java:1136)
at java.base/java.util.concurrent.ThreadPoolExecutor$Worker.run(ThreadPoolExecutor.java:635)
at java.base/java.lang.Thread.run(Thread.java:833)
... Removed 16 stack frames]]>
    </failure>
  </testcase> <!-- @BeforeMethod preCondition -->
  <testcase classname="com.framework.testng.api.base.ProjectSpecificMethods" name="@AfterMethod postCondition" time="-1.669834569754E9">
    <skipped/>
  </testcase> <!-- @AfterMethod postCondition -->
  <testcase classname="com.framework.testng.api.base.ProjectSpecificMethods" name="@AfterMethod postCondition" time="-1.66983456976E9">
    <skipped/>
  </testcase> <!-- @AfterMethod postCondition -->
  <testcase classname="com.leaftaps.testcases.TC002_CreateLead" name="runLogin" time="0.0">
    <skipped/>
  </testcase> <!-- runLogin -->
  <testcase classname="com.leaftaps.testcases.TC001_VerifyLogin" name="runLogin" time="0.0">
    <skipped/>
  </testcase> <!-- runLogin -->
  <testcase classname="com.framework.utils.Reporter" name="@AfterSuite endResult" time="0.0">
    <ignored/>
  </testcase> <!-- @AfterSuite endResult -->
  <testcase classname="com.framework.utils.Reporter" name="@BeforeSuite startReport" time="0.0">
    <ignored/>
  </testcase> <!-- @BeforeSuite startReport -->
</testsuite> <!-- Test -->
